<?xml version="1.0" encoding="UTF-8"?>
<!-- Generated by org.testng.reporters.JUnitXMLReporter -->
<testsuite hostname="MAVBCP677" ignored="2" name="Default test" tests="3" failures="0" timestamp="2020-07-03T09:26:35 IST" time="0.146" errors="0">
  <testcase name="add" time="0.016" classname="Scuba_testng.Calculator"/>
  <testcase name="add" time="0.0" classname="Scuba_testng.Calculator"/>
  <testcase name="add" time="0.002" classname="Scuba_testng.Calculator"/>
  <testcase name="sub" time="0.0" classname="Scuba_testng.Calculator">
    <ignored/>
  </testcase> <!-- sub -->
  <testcase name="mul" time="0.0" classname="Scuba_testng.Calculator">
    <ignored/>
  </testcase> <!-- mul -->
</testsuite> <!-- Default test -->
