<?xml version="1.0" encoding="UTF-8"?>
<!-- Generated by org.testng.reporters.JUnitXMLReporter -->
<testsuite hostname="MAVBCP677" ignored="6" name="Test" tests="6" failures="0" timestamp="2020-07-03T09:28:11 IST" time="0.098" errors="0">
  <testcase name="exp" time="0.009" classname="Scuba_testng.Calc_2"/>
  <testcase name="exp" time="0.005" classname="Scuba_testng.Calc_2"/>
  <testcase name="exp" time="0.003" classname="Scuba_testng.Calc_2"/>
  <testcase name="sub" time="0.001" classname="Scuba_testng.Calculator"/>
  <testcase name="sub" time="0.002" classname="Scuba_testng.Calculator"/>
  <testcase name="sub" time="0.001" classname="Scuba_testng.Calculator"/>
  <testcase name="inverse" time="0.0" classname="Scuba_testng.Calc_2">
    <ignored/>
  </testcase> <!-- inverse -->
  <testcase name="divReal" time="0.0" classname="Scuba_testng.Calc_2">
    <ignored/>
  </testcase> <!-- divReal -->
  <testcase name="mod" time="0.0" classname="Scuba_testng.Calc_2">
    <ignored/>
  </testcase> <!-- mod -->
  <testcase name="mul" time="0.0" classname="Scuba_testng.Calculator">
    <ignored/>
  </testcase> <!-- mul -->
  <testcase name="add" time="0.0" classname="Scuba_testng.Calculator">
    <ignored/>
  </testcase> <!-- add -->
  <testcase name="negate" time="0.0" classname="Scuba_testng.Calc_2">
    <ignored/>
  </testcase> <!-- negate -->
</testsuite> <!-- Test -->
